e:\github\whippletree\examples\queuing\build\queuing.dir\release\main.obj
e:\github\whippletree\examples\queuing\build\cmakefiles\queuing.dir\__\__\release\queuing_generated_techniquemegakernel.cu.obj
e:\github\whippletree\examples\queuing\build\cmakefiles\queuing.dir\__\__\release\queuing_generated_techniquekernels.cu.obj
e:\github\whippletree\examples\queuing\build\cmakefiles\queuing.dir\__\__\release\queuing_generated_delay.cu.obj
e:\github\whippletree\examples\queuing\build\cmakefiles\queuing.dir\__\__\release\queuing_generated_segmentedstorage.cu.obj
e:\github\whippletree\examples\queuing\build\cmakefiles\queuing.dir\release\queuing_generated_test.cu.obj
e:\github\whippletree\examples\queuing\build\cmakefiles\generate.stamp
e:\github\whippletree\examples\queuing\build\queuing.dir\release\queuing.tlog\cl.command.1.tlog
e:\github\whippletree\examples\queuing\build\queuing.dir\release\queuing.tlog\cl.read.1.tlog
e:\github\whippletree\examples\queuing\build\queuing.dir\release\queuing.tlog\cl.write.1.tlog
e:\github\whippletree\examples\queuing\build\queuing.dir\release\queuing.tlog\custombuild.command.1.tlog
e:\github\whippletree\examples\queuing\build\queuing.dir\release\queuing.tlog\custombuild.read.1.tlog
e:\github\whippletree\examples\queuing\build\queuing.dir\release\queuing.tlog\custombuild.write.1.tlog
e:\github\whippletree\examples\queuing\build\queuing.dir\release\queuing.tlog\link-cvtres.read.1.tlog
e:\github\whippletree\examples\queuing\build\queuing.dir\release\queuing.tlog\link-cvtres.write.1.tlog
e:\github\whippletree\examples\queuing\build\queuing.dir\release\queuing.tlog\link-rc.read.1.tlog
e:\github\whippletree\examples\queuing\build\queuing.dir\release\queuing.tlog\link-rc.write.1.tlog
e:\github\whippletree\examples\queuing\build\queuing.dir\release\queuing.tlog\link.command.1.tlog
e:\github\whippletree\examples\queuing\build\queuing.dir\release\queuing.tlog\link.read.1.tlog
e:\github\whippletree\examples\queuing\build\queuing.dir\release\queuing.tlog\link.write.1.tlog
